[     331ms] [INFO] %cDownload the React DevTools for a better development experience: https://reactjs.org/link/react-devtools font-weight:bold @ http://localhost:5177/node_modules/.vite/deps/chunk-K5ULSBXY.js?v=4054af19:21550
[     410ms] [WARNING] Module "util" has been externalized for browser compatibility. Cannot access "util.debuglog" in client code. See https://vite.dev/guide/troubleshooting.html#module-externalized-for-browser-compatibility for more details. @ http://localhost:5177/node_modules/.vite/deps/circomlibjs.js?v=4054af19:3189
[     410ms] [WARNING] Module "util" has been externalized for browser compatibility. Cannot access "util.inspect" in client code. See https://vite.dev/guide/troubleshooting.html#module-externalized-for-browser-compatibility for more details. @ http://localhost:5177/node_modules/.vite/deps/circomlibjs.js?v=4054af19:3189
[    2742ms] [ERROR] Failed to load resource: the server responded with a status of 429 () @ https://one.valve.city/rpc/vk_demo/evm/369:0
[    3048ms] [ERROR] Failed to load resource: the server responded with a status of 429 () @ https://one.valve.city/rpc/vk_demo/evm/369:0
[    4626ms] [ERROR] Failed to load resource: the server responded with a status of 429 () @ https://one.valve.city/rpc/vk_demo/evm/369:0
[    4938ms] [ERROR] Failed to load resource: the server responded with a status of 429 () @ https://one.valve.city/rpc/vk_demo/evm/369:0
[    6693ms] [ERROR] Failed to load resource: the server responded with a status of 429 () @ https://one.valve.city/rpc/vk_demo/evm/369:0
[    6994ms] [ERROR] Failed to load resource: the server responded with a status of 429 () @ https://one.valve.city/rpc/vk_demo/evm/369:0
[    8025ms] [ERROR] Failed to load resource: the server responded with a status of 429 () @ https://one.valve.city/rpc/vk_demo/evm/369:0
[    8032ms] [ERROR] Failed to load resource: the server responded with a status of 429 () @ https://one.valve.city/rpc/vk_demo/evm/369:0
[    8713ms] [ERROR] Failed to load resource: the server responded with a status of 429 () @ https://one.valve.city/rpc/vk_demo/evm/369:0
[    9081ms] [ERROR] Failed to load resource: the server responded with a status of 429 () @ https://one.valve.city/rpc/vk_demo/evm/369:0
[   11038ms] [ERROR] Failed to load resource: the server responded with a status of 429 () @ https://one.valve.city/rpc/vk_demo/evm/369:0
[   11038ms] [ERROR] Failed to load resource: the server responded with a status of 429 () @ https://one.valve.city/rpc/vk_demo/evm/369:0
[   11745ms] [ERROR] Failed to load resource: the server responded with a status of 429 () @ https://one.valve.city/rpc/vk_demo/evm/369:0
[   12051ms] [ERROR] Failed to load resource: the server responded with a status of 429 () @ https://one.valve.city/rpc/vk_demo/evm/369:0
[   13999ms] [ERROR] Failed to load resource: the server responded with a status of 429 () @ https://one.valve.city/rpc/vk_demo/evm/369:0
[   15059ms] [ERROR] Failed to load resource: the server responded with a status of 429 () @ https://one.valve.city/rpc/vk_demo/evm/369:0
[   15060ms] [ERROR] Failed to load resource: the server responded with a status of 429 () @ https://one.valve.city/rpc/vk_demo/evm/369:0
[   45582ms] [INFO] %cDownload the React DevTools for a better development experience: https://reactjs.org/link/react-devtools font-weight:bold @ http://localhost:5177/node_modules/.vite/deps/chunk-K5ULSBXY.js?v=4054af19:21550
[   45655ms] [WARNING] Module "util" has been externalized for browser compatibility. Cannot access "util.debuglog" in client code. See https://vite.dev/guide/troubleshooting.html#module-externalized-for-browser-compatibility for more details. @ http://localhost:5177/node_modules/.vite/deps/circomlibjs.js?v=4054af19:3189
[   45655ms] [WARNING] Module "util" has been externalized for browser compatibility. Cannot access "util.inspect" in client code. See https://vite.dev/guide/troubleshooting.html#module-externalized-for-browser-compatibility for more details. @ http://localhost:5177/node_modules/.vite/deps/circomlibjs.js?v=4054af19:3189
[   47661ms] [ERROR] Failed to load resource: the server responded with a status of 429 () @ https://one.valve.city/rpc/vk_demo/evm/369:0
[   47978ms] [ERROR] Failed to load resource: the server responded with a status of 429 () @ https://one.valve.city/rpc/vk_demo/evm/369:0
[   49522ms] [ERROR] Failed to load resource: the server responded with a status of 429 () @ https://one.valve.city/rpc/vk_demo/evm/369:0
[   49823ms] [ERROR] Failed to load resource: the server responded with a status of 429 () @ https://one.valve.city/rpc/vk_demo/evm/369:0
[   50894ms] [ERROR] Failed to load resource: the server responded with a status of 429 () @ https://one.valve.city/rpc/vk_demo/evm/369:0
[   50896ms] [ERROR] Failed to load resource: the server responded with a status of 429 () @ https://one.valve.city/rpc/vk_demo/evm/369:0
[   51735ms] [ERROR] Failed to load resource: the server responded with a status of 429 () @ https://one.valve.city/rpc/vk_demo/evm/369:0
[   52039ms] [ERROR] Failed to load resource: the server responded with a status of 429 () @ https://one.valve.city/rpc/vk_demo/evm/369:0
