[     314ms] [INFO] %cDownload the React DevTools for a better development experience: https://reactjs.org/link/react-devtools font-weight:bold @ http://localhost:5177/node_modules/.vite/deps/chunk-K5ULSBXY.js?v=4054af19:21550
[     387ms] [WARNING] Module "util" has been externalized for browser compatibility. Cannot access "util.debuglog" in client code. See https://vite.dev/guide/troubleshooting.html#module-externalized-for-browser-compatibility for more details. @ http://localhost:5177/node_modules/.vite/deps/circomlibjs.js?v=4054af19:3189
[     387ms] [WARNING] Module "util" has been externalized for browser compatibility. Cannot access "util.inspect" in client code. See https://vite.dev/guide/troubleshooting.html#module-externalized-for-browser-compatibility for more details. @ http://localhost:5177/node_modules/.vite/deps/circomlibjs.js?v=4054af19:3189
[    2699ms] [ERROR] Failed to load resource: the server responded with a status of 429 () @ https://one.valve.city/rpc/vk_demo/evm/369:0
[    3599ms] [ERROR] Failed to load resource: the server responded with a status of 429 () @ https://one.valve.city/rpc/vk_demo/evm/369:0
[    3599ms] [ERROR] Failed to load resource: the server responded with a status of 429 () @ https://one.valve.city/rpc/vk_demo/evm/369:0
[    4297ms] [ERROR] Failed to load resource: the server responded with a status of 429 () @ https://one.valve.city/rpc/vk_demo/evm/369:0
[    4608ms] [ERROR] Failed to load resource: the server responded with a status of 429 () @ https://one.valve.city/rpc/vk_demo/evm/369:0
[    5728ms] [ERROR] Failed to load resource: the server responded with a status of 429 () @ https://one.valve.city/rpc/vk_demo/evm/369:0
[    5728ms] [ERROR] Failed to load resource: the server responded with a status of 429 () @ https://one.valve.city/rpc/vk_demo/evm/369:0
[    8330ms] [ERROR] Failed to load resource: the server responded with a status of 429 () @ https://one.valve.city/rpc/vk_demo/evm/369:0
[    8643ms] [ERROR] Failed to load resource: the server responded with a status of 429 () @ https://one.valve.city/rpc/vk_demo/evm/369:0
[    9691ms] [ERROR] Failed to load resource: the server responded with a status of 429 () @ https://one.valve.city/rpc/vk_demo/evm/369:0
[    9710ms] [ERROR] Failed to load resource: the server responded with a status of 429 () @ https://one.valve.city/rpc/vk_demo/evm/369:0
[   10832ms] [ERROR] Failed to load resource: the server responded with a status of 429 () @ https://one.valve.city/rpc/vk_demo/evm/369:0
[   12307ms] [ERROR] Failed to load resource: the server responded with a status of 429 () @ https://one.valve.city/rpc/vk_demo/evm/369:0
[   12613ms] [ERROR] Failed to load resource: the server responded with a status of 429 () @ https://one.valve.city/rpc/vk_demo/evm/369:0
[   13653ms] [ERROR] Failed to load resource: the server responded with a status of 429 () @ https://one.valve.city/rpc/vk_demo/evm/369:0
[   13655ms] [ERROR] Failed to load resource: the server responded with a status of 429 () @ https://one.valve.city/rpc/vk_demo/evm/369:0
[   14346ms] [ERROR] Failed to load resource: the server responded with a status of 429 () @ https://one.valve.city/rpc/vk_demo/evm/369:0
