[     278ms] [INFO] %cDownload the React DevTools for a better development experience: https://reactjs.org/link/react-devtools font-weight:bold @ http://localhost:5177/node_modules/.vite/deps/chunk-K5ULSBXY.js?v=4054af19:21550
[     352ms] [WARNING] Module "util" has been externalized for browser compatibility. Cannot access "util.debuglog" in client code. See https://vite.dev/guide/troubleshooting.html#module-externalized-for-browser-compatibility for more details. @ http://localhost:5177/node_modules/.vite/deps/circomlibjs.js?v=4054af19:3189
[     353ms] [WARNING] Module "util" has been externalized for browser compatibility. Cannot access "util.inspect" in client code. See https://vite.dev/guide/troubleshooting.html#module-externalized-for-browser-compatibility for more details. @ http://localhost:5177/node_modules/.vite/deps/circomlibjs.js?v=4054af19:3189
[    1834ms] [ERROR] Failed to load resource: the server responded with a status of 429 () @ https://one.valve.city/rpc/vk_demo/evm/369:0
[    2235ms] [ERROR] Failed to load resource: the server responded with a status of 429 () @ https://one.valve.city/rpc/vk_demo/evm/369:0
[    2237ms] [ERROR] Failed to load resource: the server responded with a status of 429 () @ https://one.valve.city/rpc/vk_demo/evm/369:0
[    2548ms] [ERROR] Failed to load resource: the server responded with a status of 429 () @ https://one.valve.city/rpc/vk_demo/evm/369:0
[    2549ms] [ERROR] Failed to load resource: the server responded with a status of 429 () @ https://one.valve.city/rpc/vk_demo/evm/369:0
[    3414ms] [ERROR] Failed to load resource: the server responded with a status of 429 () @ https://one.valve.city/rpc/vk_demo/evm/369:0
[    3724ms] [ERROR] Failed to load resource: the server responded with a status of 429 () @ https://one.valve.city/rpc/vk_demo/evm/369:0
[    5425ms] [ERROR] Failed to load resource: the server responded with a status of 429 () @ https://one.valve.city/rpc/vk_demo/evm/369:0
[    5767ms] [ERROR] Failed to load resource: the server responded with a status of 429 () @ https://one.valve.city/rpc/vk_demo/evm/369:0
[    7656ms] [ERROR] Failed to load resource: the server responded with a status of 429 () @ https://one.valve.city/rpc/vk_demo/evm/369:0
[    8557ms] [ERROR] Failed to load resource: the server responded with a status of 429 () @ https://one.valve.city/rpc/vk_demo/evm/369:0
[    8560ms] [ERROR] Failed to load resource: the server responded with a status of 429 () @ https://one.valve.city/rpc/vk_demo/evm/369:0
[    9346ms] [ERROR] Failed to load resource: the server responded with a status of 429 () @ https://one.valve.city/rpc/vk_demo/evm/369:0
[    9672ms] [ERROR] Failed to load resource: the server responded with a status of 429 () @ https://one.valve.city/rpc/vk_demo/evm/369:0
[   11317ms] [ERROR] Failed to load resource: the server responded with a status of 429 () @ https://one.valve.city/rpc/vk_demo/evm/369:0
[   11634ms] [ERROR] Failed to load resource: the server responded with a status of 429 () @ https://one.valve.city/rpc/vk_demo/evm/369:0
[   12825ms] [ERROR] Failed to load resource: the server responded with a status of 429 () @ https://one.valve.city/rpc/vk_demo/evm/369:0
[   12825ms] [ERROR] Failed to load resource: the server responded with a status of 429 () @ https://one.valve.city/rpc/vk_demo/evm/369:0
[ 1644702ms] [INFO] %cDownload the React DevTools for a better development experience: https://reactjs.org/link/react-devtools font-weight:bold @ http://localhost:5177/node_modules/.vite/deps/chunk-K5ULSBXY.js?v=4054af19:21550
[ 1644778ms] [WARNING] Module "util" has been externalized for browser compatibility. Cannot access "util.debuglog" in client code. See https://vite.dev/guide/troubleshooting.html#module-externalized-for-browser-compatibility for more details. @ http://localhost:5177/node_modules/.vite/deps/circomlibjs.js?v=4054af19:3189
[ 1644778ms] [WARNING] Module "util" has been externalized for browser compatibility. Cannot access "util.inspect" in client code. See https://vite.dev/guide/troubleshooting.html#module-externalized-for-browser-compatibility for more details. @ http://localhost:5177/node_modules/.vite/deps/circomlibjs.js?v=4054af19:3189
[ 1646220ms] [ERROR] Failed to load resource: the server responded with a status of 429 () @ https://one.valve.city/rpc/vk_demo/evm/369:0
[ 1646539ms] [ERROR] Failed to load resource: the server responded with a status of 429 () @ https://one.valve.city/rpc/vk_demo/evm/369:0
[ 1648361ms] [ERROR] Failed to load resource: the server responded with a status of 429 () @ https://one.valve.city/rpc/vk_demo/evm/369:0
[ 1648667ms] [ERROR] Failed to load resource: the server responded with a status of 429 () @ https://one.valve.city/rpc/vk_demo/evm/369:0
[ 1649735ms] [ERROR] Failed to load resource: the server responded with a status of 429 () @ https://one.valve.city/rpc/vk_demo/evm/369:0
[ 1649741ms] [ERROR] Failed to load resource: the server responded with a status of 429 () @ https://one.valve.city/rpc/vk_demo/evm/369:0
[ 1650440ms] [ERROR] Failed to load resource: the server responded with a status of 429 () @ https://one.valve.city/rpc/vk_demo/evm/369:0
[ 1651468ms] [ERROR] Failed to load resource: the server responded with a status of 429 () @ https://one.valve.city/rpc/vk_demo/evm/369:0
[ 1651471ms] [ERROR] Failed to load resource: the server responded with a status of 429 () @ https://one.valve.city/rpc/vk_demo/evm/369:0
[ 1651789ms] [ERROR] Failed to load resource: the server responded with a status of 429 () @ https://one.valve.city/rpc/vk_demo/evm/369:0
[ 1651790ms] [ERROR] Failed to load resource: the server responded with a status of 429 () @ https://one.valve.city/rpc/vk_demo/evm/369:0
[ 1653707ms] [ERROR] Failed to load resource: the server responded with a status of 429 () @ https://one.valve.city/rpc/vk_demo/evm/369:0
[ 1654696ms] [ERROR] Failed to load resource: the server responded with a status of 429 () @ https://one.valve.city/rpc/vk_demo/evm/369:0
[ 1654697ms] [ERROR] Failed to load resource: the server responded with a status of 429 () @ https://one.valve.city/rpc/vk_demo/evm/369:0
[ 1655469ms] [ERROR] Failed to load resource: the server responded with a status of 429 () @ https://one.valve.city/rpc/vk_demo/evm/369:0
[ 1655782ms] [ERROR] Failed to load resource: the server responded with a status of 429 () @ https://one.valve.city/rpc/vk_demo/evm/369:0
[ 1657371ms] [ERROR] Failed to load resource: the server responded with a status of 429 () @ https://one.valve.city/rpc/vk_demo/evm/369:0
[ 1657675ms] [ERROR] Failed to load resource: the server responded with a status of 429 () @ https://one.valve.city/rpc/vk_demo/evm/369:0
