[     567ms] [INFO] %cDownload the React DevTools for a better development experience: https://reactjs.org/link/react-devtools font-weight:bold @ http://localhost:5177/node_modules/.vite/deps/chunk-K5ULSBXY.js?v=5662fa39:21550
[     612ms] [WARNING] Module "buffer" has been externalized for browser compatibility. Cannot access "buffer.Buffer" in client code. See https://vite.dev/guide/troubleshooting.html#module-externalized-for-browser-compatibility for more details. @ http://localhost:5177/node_modules/.vite/deps/chunk-AOJABQA5.js?v=5662fa39:10
[     624ms] [WARNING] Module "buffer" has been externalized for browser compatibility. Cannot access "buffer.Buffer" in client code. See https://vite.dev/guide/troubleshooting.html#module-externalized-for-browser-compatibility for more details. @ http://localhost:5177/node_modules/.vite/deps/chunk-AOJABQA5.js?v=5662fa39:10
[     691ms] [WARNING] Module "util" has been externalized for browser compatibility. Cannot access "util.debuglog" in client code. See https://vite.dev/guide/troubleshooting.html#module-externalized-for-browser-compatibility for more details. @ http://localhost:5177/node_modules/.vite/deps/circomlibjs.js?v=f1143be0:3369
[     717ms] [WARNING] Module "util" has been externalized for browser compatibility. Cannot access "util.inspect" in client code. See https://vite.dev/guide/troubleshooting.html#module-externalized-for-browser-compatibility for more details. @ http://localhost:5177/node_modules/.vite/deps/circomlibjs.js?v=f1143be0:3369
[     720ms] ReferenceError: Buffer is not defined
    at ../../../node_modules/.pnpm/blake-hash@2.0.0/node_modules/blake-hash/lib/blake.js (http://localhost:5177/node_modules/.vite/deps/circomlibjs.js?v=f1143be0:6139:21)
    at __require (http://localhost:5177/node_modules/.vite/deps/chunk-EWTE5DHJ.js?v=5662fa39:12:50)
    at ../../../node_modules/.pnpm/blake-hash@2.0.0/node_modules/blake-hash/lib/blake256.js (http://localhost:5177/node_modules/.vite/deps/circomlibjs.js?v=f1143be0:6277:17)
    at __require (http://localhost:5177/node_modules/.vite/deps/chunk-EWTE5DHJ.js?v=5662fa39:12:50)
    at ../../../node_modules/.pnpm/blake-hash@2.0.0/node_modules/blake-hash/lib/blake224.js (http://localhost:5177/node_modules/.vite/deps/circomlibjs.js?v=f1143be0:6386:20)
    at __require (http://localhost:5177/node_modules/.vite/deps/chunk-EWTE5DHJ.js?v=5662fa39:12:50)
    at ../../../node_modules/.pnpm/blake-hash@2.0.0/node_modules/blake-hash/lib/index.js (http://localhost:5177/node_modules/.vite/deps/circomlibjs.js?v=f1143be0:6607:17)
    at __require (http://localhost:5177/node_modules/.vite/deps/chunk-EWTE5DHJ.js?v=5662fa39:12:50)
    at ../../../node_modules/.pnpm/blake-hash@2.0.0/node_modules/blake-hash/js.js (http://localhost:5177/node_modules/.vite/deps/circomlibjs.js?v=f1143be0:6618:36)
    at __require (http://localhost:5177/node_modules/.vite/deps/chunk-EWTE5DHJ.js?v=5662fa39:12:50)
[     740ms] [ERROR] Failed to load resource: the server responded with a status of 404 (Not Found) @ http://localhost:5177/favicon.ico:0
[   98039ms] [INFO] %cDownload the React DevTools for a better development experience: https://reactjs.org/link/react-devtools font-weight:bold @ http://localhost:5177/node_modules/.vite/deps/chunk-K5ULSBXY.js?v=5662fa39:21550
[   98055ms] [WARNING] Module "buffer" has been externalized for browser compatibility. Cannot access "buffer.Buffer" in client code. See https://vite.dev/guide/troubleshooting.html#module-externalized-for-browser-compatibility for more details. @ http://localhost:5177/node_modules/.vite/deps/chunk-AOJABQA5.js?v=5662fa39:10
[   98056ms] [WARNING] Module "buffer" has been externalized for browser compatibility. Cannot access "buffer.Buffer" in client code. See https://vite.dev/guide/troubleshooting.html#module-externalized-for-browser-compatibility for more details. @ http://localhost:5177/node_modules/.vite/deps/chunk-AOJABQA5.js?v=5662fa39:10
[   98118ms] [WARNING] Module "util" has been externalized for browser compatibility. Cannot access "util.debuglog" in client code. See https://vite.dev/guide/troubleshooting.html#module-externalized-for-browser-compatibility for more details. @ http://localhost:5177/node_modules/.vite/deps/circomlibjs.js?v=f1143be0:3369
[   98118ms] [WARNING] Module "util" has been externalized for browser compatibility. Cannot access "util.inspect" in client code. See https://vite.dev/guide/troubleshooting.html#module-externalized-for-browser-compatibility for more details. @ http://localhost:5177/node_modules/.vite/deps/circomlibjs.js?v=f1143be0:3369
[   98120ms] ReferenceError: Buffer is not defined
    at ../../../node_modules/.pnpm/blake-hash@2.0.0/node_modules/blake-hash/lib/blake.js (http://localhost:5177/node_modules/.vite/deps/circomlibjs.js?v=f1143be0:6139:21)
    at __require (http://localhost:5177/node_modules/.vite/deps/chunk-EWTE5DHJ.js?v=5662fa39:12:50)
    at ../../../node_modules/.pnpm/blake-hash@2.0.0/node_modules/blake-hash/lib/blake256.js (http://localhost:5177/node_modules/.vite/deps/circomlibjs.js?v=f1143be0:6277:17)
    at __require (http://localhost:5177/node_modules/.vite/deps/chunk-EWTE5DHJ.js?v=5662fa39:12:50)
    at ../../../node_modules/.pnpm/blake-hash@2.0.0/node_modules/blake-hash/lib/blake224.js (http://localhost:5177/node_modules/.vite/deps/circomlibjs.js?v=f1143be0:6386:20)
    at __require (http://localhost:5177/node_modules/.vite/deps/chunk-EWTE5DHJ.js?v=5662fa39:12:50)
    at ../../../node_modules/.pnpm/blake-hash@2.0.0/node_modules/blake-hash/lib/index.js (http://localhost:5177/node_modules/.vite/deps/circomlibjs.js?v=f1143be0:6607:17)
    at __require (http://localhost:5177/node_modules/.vite/deps/chunk-EWTE5DHJ.js?v=5662fa39:12:50)
    at ../../../node_modules/.pnpm/blake-hash@2.0.0/node_modules/blake-hash/js.js (http://localhost:5177/node_modules/.vite/deps/circomlibjs.js?v=f1143be0:6618:36)
    at __require (http://localhost:5177/node_modules/.vite/deps/chunk-EWTE5DHJ.js?v=5662fa39:12:50)
