[     605ms] [INFO] %cDownload the React DevTools for a better development experience: https://reactjs.org/link/react-devtools font-weight:bold @ http://localhost:5177/node_modules/.vite/deps/chunk-K5ULSBXY.js?v=4054af19:21550
[     724ms] [WARNING] Module "util" has been externalized for browser compatibility. Cannot access "util.debuglog" in client code. See https://vite.dev/guide/troubleshooting.html#module-externalized-for-browser-compatibility for more details. @ http://localhost:5177/node_modules/.vite/deps/circomlibjs.js?v=4054af19:3189
[     724ms] [WARNING] Module "util" has been externalized for browser compatibility. Cannot access "util.inspect" in client code. See https://vite.dev/guide/troubleshooting.html#module-externalized-for-browser-compatibility for more details. @ http://localhost:5177/node_modules/.vite/deps/circomlibjs.js?v=4054af19:3189
[    3851ms] [ERROR] Failed to load resource: the server responded with a status of 429 () @ https://one.valve.city/rpc/vk_demo/evm/369:0
[    3862ms] [ERROR] Failed to load resource: the server responded with a status of 429 () @ https://one.valve.city/rpc/vk_demo/evm/369:0
[    3864ms] [ERROR] Failed to load resource: the server responded with a status of 429 () @ https://one.valve.city/rpc/vk_demo/evm/369:0
[    4657ms] [ERROR] Failed to load resource: the server responded with a status of 429 () @ https://one.valve.city/rpc/vk_demo/evm/369:0
[    4657ms] [ERROR] Failed to load resource: the server responded with a status of 429 () @ https://one.valve.city/rpc/vk_demo/evm/369:0
[    4965ms] [ERROR] Failed to load resource: the server responded with a status of 429 () @ https://one.valve.city/rpc/vk_demo/evm/369:0
[    4965ms] [ERROR] Failed to load resource: the server responded with a status of 429 () @ https://one.valve.city/rpc/vk_demo/evm/369:0
[    5846ms] [ERROR] Failed to load resource: the server responded with a status of 429 () @ https://one.valve.city/rpc/vk_demo/evm/369:0
[    6844ms] [ERROR] Failed to load resource: the server responded with a status of 429 () @ https://one.valve.city/rpc/vk_demo/evm/369:0
[    6846ms] [ERROR] Failed to load resource: the server responded with a status of 429 () @ https://one.valve.city/rpc/vk_demo/evm/369:0
[    7548ms] [ERROR] Failed to load resource: the server responded with a status of 429 () @ https://one.valve.city/rpc/vk_demo/evm/369:0
[    7866ms] [ERROR] Failed to load resource: the server responded with a status of 429 () @ https://one.valve.city/rpc/vk_demo/evm/369:0
[    9841ms] [ERROR] Failed to load resource: the server responded with a status of 429 () @ https://one.valve.city/rpc/vk_demo/evm/369:0
[   10755ms] [ERROR] Failed to load resource: the server responded with a status of 429 () @ https://one.valve.city/rpc/vk_demo/evm/369:0
[   10756ms] [ERROR] Failed to load resource: the server responded with a status of 429 () @ https://one.valve.city/rpc/vk_demo/evm/369:0
[   11474ms] [ERROR] Failed to load resource: the server responded with a status of 429 () @ https://one.valve.city/rpc/vk_demo/evm/369:0
[   11791ms] [ERROR] Failed to load resource: the server responded with a status of 429 () @ https://one.valve.city/rpc/vk_demo/evm/369:0
[   12965ms] [ERROR] Failed to load resource: the server responded with a status of 429 () @ https://one.valve.city/rpc/vk_demo/evm/369:0
[   12965ms] [ERROR] Failed to load resource: the server responded with a status of 429 () @ https://one.valve.city/rpc/vk_demo/evm/369:0
[   13674ms] [ERROR] Failed to load resource: the server responded with a status of 429 () @ https://one.valve.city/rpc/vk_demo/evm/369:0
[   14731ms] [ERROR] Failed to load resource: the server responded with a status of 429 () @ https://one.valve.city/rpc/vk_demo/evm/369:0
[   14732ms] [ERROR] Failed to load resource: the server responded with a status of 429 () @ https://one.valve.city/rpc/vk_demo/evm/369:0
[   15046ms] [ERROR] Failed to load resource: the server responded with a status of 429 () @ https://one.valve.city/rpc/vk_demo/evm/369:0
[   15974ms] [ERROR] Failed to load resource: the server responded with a status of 429 () @ https://one.valve.city/rpc/vk_demo/evm/369:0
